10:00:24.480 INFO  s.m.l.Main$ - Starting server in /Users/leonarddaume/dev/ws/java-dependency.g8
10:00:24.490 INFO  s.m.l.Main$ - Classpath: /Users/leonarddaume/.atom/packages/ide-scala/coursier
10:00:26.082 INFO  s.m.l.Formatter$ - Classloading scalafmt with 28 downloaded jars
10:00:26.776 INFO  s.m.l.ScalametaLanguageServer - Initialized with /Users/leonarddaume/dev/ws/java-dependency.g8, InitializeParams(1914,/Users/leonarddaume/dev/ws/java-dependency.g8/,ClientCapabilities())
10:00:26.990 ERROR l.c.LanguageServer$$anon$1 - Invalid Notification: List((,List(JsonValidationError(List(notification parameters must be given),WrappedArray())))) - Message: JsonRpcNotificationMessage(initialized,NoParams)
10:00:27.007 INFO  s.m.l.p.DocumentHighlightProvider$ - Document highlight in Uri(file:///Users/leonarddaume/dev/ws/java-dependency.g8/src/main/g8/build.sbt)
10:00:27.008 INFO  s.m.l.p.DocumentHighlightProvider$ - Document highlight in Uri(file:///Users/leonarddaume/dev/ws/java-dependency.g8/src/main/g8/build.sbt)
10:00:27.009 INFO  s.m.l.s.InMemorySymbolIndex - resolveName at Uri(file:///Users/leonarddaume/dev/ws/java-dependency.g8/src/main/g8/build.sbt):0:0
10:00:27.009 INFO  s.m.l.s.InMemorySymbolIndex - resolveName at Uri(file:///Users/leonarddaume/dev/ws/java-dependency.g8/src/main/g8/build.sbt):0:0
10:01:14.901 INFO  s.m.l.p.DocumentHighlightProvider$ - Document highlight in Uri(file:///Users/leonarddaume/dev/ws/java-dependency.g8/src/main/g8/build.sbt)
10:01:14.902 INFO  s.m.l.s.InMemorySymbolIndex - resolveName at Uri(file:///Users/leonarddaume/dev/ws/java-dependency.g8/src/main/g8/build.sbt):47:13
10:01:17.058 INFO  s.m.l.p.DocumentHighlightProvider$ - Document highlight in Uri(file:///Users/leonarddaume/dev/ws/java-dependency.g8/src/main/g8/build.sbt)
10:01:17.059 INFO  s.m.l.s.InMemorySymbolIndex - resolveName at Uri(file:///Users/leonarddaume/dev/ws/java-dependency.g8/src/main/g8/build.sbt):47:39
10:01:19.962 INFO  s.m.l.ScalametaLanguageServer - completion
10:01:21.098 INFO  s.m.l.ScalametaLanguageServer - completion
10:01:23.474 INFO  s.m.l.ScalametaLanguageServer - completion
10:01:24.157 ERROR l.c.LanguageServer$$anon$1 - Invalid Notification: List((,List(JsonValidationError(List(unknown method textDocument/willSave),WrappedArray())))) - Message: JsonRpcNotificationMessage(textDocument/willSave,ObjectParams({"textDocument":{"uri":"file:///Users/leonarddaume/dev/ws/java-dependency.g8/src/main/g8/build.sbt"},"reason":1}))
10:01:24.167 DEBUG s.m.l.ScalametaLanguageServer - saveTextDocument TextDocumentIdentifier(file:///Users/leonarddaume/dev/ws/java-dependency.g8/src/main/g8/build.sbt)
10:01:25.974 INFO  s.m.l.p.DocumentHighlightProvider$ - Document highlight in Uri(file:///Users/leonarddaume/dev/ws/java-dependency.g8/src/main/g8/build.sbt)
10:01:25.974 INFO  s.m.l.s.InMemorySymbolIndex - resolveName at Uri(file:///Users/leonarddaume/dev/ws/java-dependency.g8/src/main/g8/build.sbt):43:42
10:02:49.039 INFO  s.m.l.p.DocumentHighlightProvider$ - Document highlight in Uri(file:///Users/leonarddaume/dev/ws/java-dependency.g8/src/main/g8/build.sbt)
10:02:49.040 INFO  s.m.l.s.InMemorySymbolIndex - resolveName at Uri(file:///Users/leonarddaume/dev/ws/java-dependency.g8/src/main/g8/build.sbt):5:23
10:02:50.076 INFO  s.m.l.ScalametaLanguageServer - completion
10:02:52.576 INFO  s.m.l.p.DocumentHighlightProvider$ - Document highlight in Uri(file:///Users/leonarddaume/dev/ws/java-dependency.g8/src/main/g8/build.sbt)
10:02:52.577 INFO  s.m.l.s.InMemorySymbolIndex - resolveName at Uri(file:///Users/leonarddaume/dev/ws/java-dependency.g8/src/main/g8/build.sbt):5:23
10:02:54.355 INFO  s.m.l.p.DocumentHighlightProvider$ - Document highlight in Uri(file:///Users/leonarddaume/dev/ws/java-dependency.g8/src/main/g8/project/plugins.sbt)
10:02:54.356 INFO  s.m.l.s.InMemorySymbolIndex - resolveName at Uri(file:///Users/leonarddaume/dev/ws/java-dependency.g8/src/main/g8/project/plugins.sbt):0:0
10:02:56.159 INFO  s.m.l.p.DocumentHighlightProvider$ - Document highlight in Uri(file:///Users/leonarddaume/dev/ws/java-dependency.g8/src/main/g8/project/plugins.sbt)
10:02:56.160 INFO  s.m.l.s.InMemorySymbolIndex - resolveName at Uri(file:///Users/leonarddaume/dev/ws/java-dependency.g8/src/main/g8/project/plugins.sbt):2:55
10:02:56.950 INFO  s.m.l.p.DocumentHighlightProvider$ - Document highlight in Uri(file:///Users/leonarddaume/dev/ws/java-dependency.g8/src/main/g8/project/plugins.sbt)
10:02:56.950 INFO  s.m.l.s.InMemorySymbolIndex - resolveName at Uri(file:///Users/leonarddaume/dev/ws/java-dependency.g8/src/main/g8/project/plugins.sbt):2:56
10:02:57.300 INFO  s.m.l.ScalametaLanguageServer - completion
10:02:59.800 INFO  s.m.l.p.DocumentHighlightProvider$ - Document highlight in Uri(file:///Users/leonarddaume/dev/ws/java-dependency.g8/src/main/g8/project/plugins.sbt)
10:02:59.801 INFO  s.m.l.s.InMemorySymbolIndex - resolveName at Uri(file:///Users/leonarddaume/dev/ws/java-dependency.g8/src/main/g8/project/plugins.sbt):2:56
10:03:26.633 INFO  s.m.l.p.DocumentHighlightProvider$ - Document highlight in Uri(file:///Users/leonarddaume/dev/ws/java-dependency.g8/src/main/g8/project/plugins.sbt)
10:03:26.633 INFO  s.m.l.s.InMemorySymbolIndex - resolveName at Uri(file:///Users/leonarddaume/dev/ws/java-dependency.g8/src/main/g8/project/plugins.sbt):0:55
10:03:28.326 INFO  s.m.l.ScalametaLanguageServer - completion
10:03:28.401 INFO  s.m.l.ScalametaLanguageServer - completion
10:03:30.427 ERROR l.c.LanguageServer$$anon$1 - Invalid Notification: List((,List(JsonValidationError(List(unknown method textDocument/willSave),WrappedArray())))) - Message: JsonRpcNotificationMessage(textDocument/willSave,ObjectParams({"textDocument":{"uri":"file:///Users/leonarddaume/dev/ws/java-dependency.g8/src/main/g8/project/plugins.sbt"},"reason":1}))
10:03:30.435 DEBUG s.m.l.ScalametaLanguageServer - saveTextDocument TextDocumentIdentifier(file:///Users/leonarddaume/dev/ws/java-dependency.g8/src/main/g8/project/plugins.sbt)
10:03:32.652 INFO  s.m.l.p.DocumentHighlightProvider$ - Document highlight in Uri(file:///Users/leonarddaume/dev/ws/java-dependency.g8/src/main/g8/project/plugins.sbt)
10:03:32.653 INFO  s.m.l.s.InMemorySymbolIndex - resolveName at Uri(file:///Users/leonarddaume/dev/ws/java-dependency.g8/src/main/g8/project/plugins.sbt):0:55
10:03:32.740 INFO  s.m.l.p.DocumentHighlightProvider$ - Document highlight in Uri(file:///Users/leonarddaume/dev/ws/java-dependency.g8/src/main/g8/build.sbt)
10:03:32.741 INFO  s.m.l.s.InMemorySymbolIndex - resolveName at Uri(file:///Users/leonarddaume/dev/ws/java-dependency.g8/src/main/g8/build.sbt):5:23
10:03:48.294 INFO  s.m.l.p.DocumentHighlightProvider$ - Document highlight in Uri(file:///Users/leonarddaume/dev/ws/java-dependency.g8/src/main/g8/dependencies.sbt)
10:03:48.295 INFO  s.m.l.s.InMemorySymbolIndex - resolveName at Uri(file:///Users/leonarddaume/dev/ws/java-dependency.g8/src/main/g8/dependencies.sbt):0:0
10:03:50.820 INFO  s.m.l.p.DocumentHighlightProvider$ - Document highlight in Uri(file:///Users/leonarddaume/dev/ws/java-dependency.g8/src/main/g8/dependencies.sbt)
10:03:50.821 INFO  s.m.l.s.InMemorySymbolIndex - resolveName at Uri(file:///Users/leonarddaume/dev/ws/java-dependency.g8/src/main/g8/dependencies.sbt):0:0
10:03:59.648 INFO  s.m.l.p.DocumentHighlightProvider$ - Document highlight in Uri(file:///Users/leonarddaume/dev/ws/java-dependency.g8/src/main/g8/dependencies.sbt)
10:03:59.649 INFO  s.m.l.s.InMemorySymbolIndex - resolveName at Uri(file:///Users/leonarddaume/dev/ws/java-dependency.g8/src/main/g8/dependencies.sbt):38:0
10:04:05.099 INFO  s.m.l.p.DocumentHighlightProvider$ - Document highlight in Uri(file:///Users/leonarddaume/dev/ws/java-dependency.g8/src/main/g8/dependencies.sbt)
10:04:05.100 INFO  s.m.l.s.InMemorySymbolIndex - resolveName at Uri(file:///Users/leonarddaume/dev/ws/java-dependency.g8/src/main/g8/dependencies.sbt):13:0
10:04:05.398 INFO  s.m.l.p.DocumentHighlightProvider$ - Document highlight in Uri(file:///Users/leonarddaume/dev/ws/java-dependency.g8/src/main/g8/dependencies.sbt)
10:04:05.399 INFO  s.m.l.s.InMemorySymbolIndex - resolveName at Uri(file:///Users/leonarddaume/dev/ws/java-dependency.g8/src/main/g8/dependencies.sbt):13:43
10:04:09.852 ERROR l.c.LanguageServer$$anon$1 - Invalid Notification: List((,List(JsonValidationError(List(unknown method textDocument/willSave),WrappedArray())))) - Message: JsonRpcNotificationMessage(textDocument/willSave,ObjectParams({"textDocument":{"uri":"file:///Users/leonarddaume/dev/ws/java-dependency.g8/src/main/g8/dependencies.sbt"},"reason":1}))
10:04:09.862 DEBUG s.m.l.ScalametaLanguageServer - saveTextDocument TextDocumentIdentifier(file:///Users/leonarddaume/dev/ws/java-dependency.g8/src/main/g8/dependencies.sbt)
10:04:11.593 INFO  s.m.l.p.DocumentHighlightProvider$ - Document highlight in Uri(file:///Users/leonarddaume/dev/ws/java-dependency.g8/src/main/g8/build.sbt)
10:04:11.594 INFO  s.m.l.s.InMemorySymbolIndex - resolveName at Uri(file:///Users/leonarddaume/dev/ws/java-dependency.g8/src/main/g8/build.sbt):5:23
10:04:13.016 INFO  s.m.l.p.DocumentHighlightProvider$ - Document highlight in Uri(file:///Users/leonarddaume/dev/ws/java-dependency.g8/src/main/g8/project/plugins.sbt)
10:04:13.017 INFO  s.m.l.s.InMemorySymbolIndex - resolveName at Uri(file:///Users/leonarddaume/dev/ws/java-dependency.g8/src/main/g8/project/plugins.sbt):0:55
10:04:14.367 INFO  s.m.l.p.DocumentHighlightProvider$ - Document highlight in Uri(file:///Users/leonarddaume/dev/ws/java-dependency.g8/src/main/g8/dependencies.sbt)
10:04:14.368 INFO  s.m.l.s.InMemorySymbolIndex - resolveName at Uri(file:///Users/leonarddaume/dev/ws/java-dependency.g8/src/main/g8/dependencies.sbt):12:0
10:04:15.677 INFO  s.m.l.s.InMemorySymbolIndex - resolveName at Uri(file:///Users/leonarddaume/dev/ws/java-dependency.g8/src/main/g8/dependencies.sbt):10:37
10:04:16.261 INFO  s.m.l.s.InMemorySymbolIndex - resolveName at Uri(file:///Users/leonarddaume/dev/ws/java-dependency.g8/src/main/g8/dependencies.sbt):10:36
10:04:16.275 ERROR l.c.LanguageServer$$anon$1 - Invalid Notification: List((,List(JsonValidationError(List(unknown method textDocument/willSave),WrappedArray())))) - Message: JsonRpcNotificationMessage(textDocument/willSave,ObjectParams({"textDocument":{"uri":"file:///Users/leonarddaume/dev/ws/java-dependency.g8/src/main/g8/dependencies.sbt"},"reason":1}))
10:04:16.282 DEBUG s.m.l.ScalametaLanguageServer - saveTextDocument TextDocumentIdentifier(file:///Users/leonarddaume/dev/ws/java-dependency.g8/src/main/g8/dependencies.sbt)
10:04:16.284 INFO  s.m.l.s.InMemorySymbolIndex - resolveName at Uri(file:///Users/leonarddaume/dev/ws/java-dependency.g8/src/main/g8/dependencies.sbt):9:34
10:04:16.325 INFO  s.m.l.s.InMemorySymbolIndex - resolveName at Uri(file:///Users/leonarddaume/dev/ws/java-dependency.g8/src/main/g8/dependencies.sbt):8:25
10:04:17.177 INFO  s.m.l.p.DocumentHighlightProvider$ - Document highlight in Uri(file:///Users/leonarddaume/dev/ws/java-dependency.g8/src/main/g8/build.sbt)
10:04:17.178 INFO  s.m.l.s.InMemorySymbolIndex - resolveName at Uri(file:///Users/leonarddaume/dev/ws/java-dependency.g8/src/main/g8/build.sbt):5:23
10:04:19.479 INFO  s.m.l.p.DocumentHighlightProvider$ - Document highlight in Uri(file:///Users/leonarddaume/dev/ws/java-dependency.g8/src/main/g8/build.sbt)
10:04:19.480 INFO  s.m.l.s.InMemorySymbolIndex - resolveName at Uri(file:///Users/leonarddaume/dev/ws/java-dependency.g8/src/main/g8/build.sbt):39:0
10:04:20.543 INFO  s.m.l.p.DocumentHighlightProvider$ - Document highlight in Uri(file:///Users/leonarddaume/dev/ws/java-dependency.g8/src/main/g8/build.sbt)
10:04:20.544 INFO  s.m.l.s.InMemorySymbolIndex - resolveName at Uri(file:///Users/leonarddaume/dev/ws/java-dependency.g8/src/main/g8/build.sbt):51:1
10:04:23.433 INFO  s.m.l.p.DocumentHighlightProvider$ - Document highlight in Uri(file:///Users/leonarddaume/dev/ws/java-dependency.g8/src/main/g8/build.sbt)
10:04:23.433 INFO  s.m.l.s.InMemorySymbolIndex - resolveName at Uri(file:///Users/leonarddaume/dev/ws/java-dependency.g8/src/main/g8/build.sbt):46:0
10:04:26.276 ERROR l.c.LanguageServer$$anon$1 - Invalid Notification: List((,List(JsonValidationError(List(unknown method textDocument/willSave),WrappedArray())))) - Message: JsonRpcNotificationMessage(textDocument/willSave,ObjectParams({"textDocument":{"uri":"file:///Users/leonarddaume/dev/ws/java-dependency.g8/src/main/g8/build.sbt"},"reason":1}))
10:04:26.282 DEBUG s.m.l.ScalametaLanguageServer - saveTextDocument TextDocumentIdentifier(file:///Users/leonarddaume/dev/ws/java-dependency.g8/src/main/g8/build.sbt)
10:04:28.125 INFO  s.m.l.p.DocumentHighlightProvider$ - Document highlight in Uri(file:///Users/leonarddaume/dev/ws/java-dependency.g8/src/main/g8/build.sbt)
10:04:28.126 INFO  s.m.l.s.InMemorySymbolIndex - resolveName at Uri(file:///Users/leonarddaume/dev/ws/java-dependency.g8/src/main/g8/build.sbt):38:0
10:04:38.110 INFO  s.m.l.p.DocumentHighlightProvider$ - Document highlight in Uri(file:///Users/leonarddaume/dev/ws/java-dependency.g8/src/main/g8/maven.sbt)
10:04:38.111 INFO  s.m.l.s.InMemorySymbolIndex - resolveName at Uri(file:///Users/leonarddaume/dev/ws/java-dependency.g8/src/main/g8/maven.sbt):0:0
10:04:39.231 INFO  s.m.l.p.DocumentHighlightProvider$ - Document highlight in Uri(file:///Users/leonarddaume/dev/ws/java-dependency.g8/src/main/g8/maven.sbt)
10:04:39.232 INFO  s.m.l.s.InMemorySymbolIndex - resolveName at Uri(file:///Users/leonarddaume/dev/ws/java-dependency.g8/src/main/g8/maven.sbt):37:1
10:04:40.299 INFO  s.m.l.p.DocumentHighlightProvider$ - Document highlight in Uri(file:///Users/leonarddaume/dev/ws/java-dependency.g8/src/main/g8/maven.sbt)
10:04:40.299 INFO  s.m.l.s.InMemorySymbolIndex - resolveName at Uri(file:///Users/leonarddaume/dev/ws/java-dependency.g8/src/main/g8/maven.sbt):40:0
10:04:43.131 INFO  s.m.l.p.DocumentHighlightProvider$ - Document highlight in Uri(file:///Users/leonarddaume/dev/ws/java-dependency.g8/src/main/g8/maven.sbt)
10:04:43.132 INFO  s.m.l.s.InMemorySymbolIndex - resolveName at Uri(file:///Users/leonarddaume/dev/ws/java-dependency.g8/src/main/g8/maven.sbt):24:0
10:04:44.586 INFO  s.m.l.p.DocumentHighlightProvider$ - Document highlight in Uri(file:///Users/leonarddaume/dev/ws/java-dependency.g8/src/main/g8/maven.sbt)
10:04:44.587 INFO  s.m.l.s.InMemorySymbolIndex - resolveName at Uri(file:///Users/leonarddaume/dev/ws/java-dependency.g8/src/main/g8/maven.sbt):9:0
10:04:47.824 INFO  s.m.l.p.DocumentHighlightProvider$ - Document highlight in Uri(file:///Users/leonarddaume/dev/ws/java-dependency.g8/src/main/g8/maven.sbt)
10:04:47.824 INFO  s.m.l.s.InMemorySymbolIndex - resolveName at Uri(file:///Users/leonarddaume/dev/ws/java-dependency.g8/src/main/g8/maven.sbt):0:0
10:04:51.983 INFO  s.m.l.ScalametaLanguageServer - completion
10:04:52.576 ERROR l.c.LanguageServer$$anon$1 - Invalid Notification: List((,List(JsonValidationError(List(unknown method textDocument/willSave),WrappedArray())))) - Message: JsonRpcNotificationMessage(textDocument/willSave,ObjectParams({"textDocument":{"uri":"file:///Users/leonarddaume/dev/ws/java-dependency.g8/src/main/g8/maven.sbt"},"reason":1}))
10:04:52.585 DEBUG s.m.l.ScalametaLanguageServer - saveTextDocument TextDocumentIdentifier(file:///Users/leonarddaume/dev/ws/java-dependency.g8/src/main/g8/maven.sbt)
10:04:55.081 INFO  s.m.l.p.DocumentHighlightProvider$ - Document highlight in Uri(file:///Users/leonarddaume/dev/ws/java-dependency.g8/src/main/g8/maven.sbt)
10:04:55.081 INFO  s.m.l.s.InMemorySymbolIndex - resolveName at Uri(file:///Users/leonarddaume/dev/ws/java-dependency.g8/src/main/g8/maven.sbt):0:1
10:05:00.870 INFO  s.m.l.p.DocumentHighlightProvider$ - Document highlight in Uri(file:///Users/leonarddaume/dev/ws/java-dependency.g8/src/main/g8/build.sbt)
10:05:00.870 INFO  s.m.l.s.InMemorySymbolIndex - resolveName at Uri(file:///Users/leonarddaume/dev/ws/java-dependency.g8/src/main/g8/build.sbt):38:0
10:05:04.206 INFO  s.m.l.p.DocumentHighlightProvider$ - Document highlight in Uri(file:///Users/leonarddaume/dev/ws/java-dependency.g8/src/main/g8/build.sbt)
10:05:04.207 INFO  s.m.l.s.InMemorySymbolIndex - resolveName at Uri(file:///Users/leonarddaume/dev/ws/java-dependency.g8/src/main/g8/build.sbt):9:0
10:05:06.535 INFO  s.m.l.p.DocumentHighlightProvider$ - Document highlight in Uri(file:///Users/leonarddaume/dev/ws/java-dependency.g8/src/main/g8/build.sbt)
10:05:06.536 INFO  s.m.l.s.InMemorySymbolIndex - resolveName at Uri(file:///Users/leonarddaume/dev/ws/java-dependency.g8/src/main/g8/build.sbt):37:1
10:05:08.125 ERROR l.c.LanguageServer$$anon$1 - Invalid Notification: List((,List(JsonValidationError(List(unknown method textDocument/willSave),WrappedArray())))) - Message: JsonRpcNotificationMessage(textDocument/willSave,ObjectParams({"textDocument":{"uri":"file:///Users/leonarddaume/dev/ws/java-dependency.g8/src/main/g8/build.sbt"},"reason":1}))
10:05:08.130 DEBUG s.m.l.ScalametaLanguageServer - saveTextDocument TextDocumentIdentifier(file:///Users/leonarddaume/dev/ws/java-dependency.g8/src/main/g8/build.sbt)
10:05:10.156 INFO  s.m.l.p.DocumentHighlightProvider$ - Document highlight in Uri(file:///Users/leonarddaume/dev/ws/java-dependency.g8/src/main/g8/build.sbt)
10:05:10.157 INFO  s.m.l.s.InMemorySymbolIndex - resolveName at Uri(file:///Users/leonarddaume/dev/ws/java-dependency.g8/src/main/g8/build.sbt):8:53
10:05:10.647 INFO  s.m.l.p.DocumentHighlightProvider$ - Document highlight in Uri(file:///Users/leonarddaume/dev/ws/java-dependency.g8/src/main/g8/dependencies.sbt)
10:05:10.648 INFO  s.m.l.s.InMemorySymbolIndex - resolveName at Uri(file:///Users/leonarddaume/dev/ws/java-dependency.g8/src/main/g8/dependencies.sbt):12:0
10:05:11.433 INFO  s.m.l.p.DocumentHighlightProvider$ - Document highlight in Uri(file:///Users/leonarddaume/dev/ws/java-dependency.g8/src/main/g8/maven.sbt)
10:05:11.434 INFO  s.m.l.s.InMemorySymbolIndex - resolveName at Uri(file:///Users/leonarddaume/dev/ws/java-dependency.g8/src/main/g8/maven.sbt):0:1
10:05:16.969 INFO  s.m.l.p.DocumentHighlightProvider$ - Document highlight in Uri(file:///Users/leonarddaume/dev/ws/java-dependency.g8/src/main/g8/dependencies.sbt)
10:05:16.969 INFO  s.m.l.s.InMemorySymbolIndex - resolveName at Uri(file:///Users/leonarddaume/dev/ws/java-dependency.g8/src/main/g8/dependencies.sbt):12:0
10:05:19.942 INFO  s.m.l.p.DocumentHighlightProvider$ - Document highlight in Uri(file:///Users/leonarddaume/dev/ws/java-dependency.g8/src/main/g8/build.sbt)
10:05:19.943 INFO  s.m.l.s.InMemorySymbolIndex - resolveName at Uri(file:///Users/leonarddaume/dev/ws/java-dependency.g8/src/main/g8/build.sbt):8:53
10:05:23.631 INFO  s.m.l.p.DocumentHighlightProvider$ - Document highlight in Uri(file:///Users/leonarddaume/dev/ws/java-dependency.g8/src/main/g8/build.sbt)
10:05:23.632 INFO  s.m.l.s.InMemorySymbolIndex - resolveName at Uri(file:///Users/leonarddaume/dev/ws/java-dependency.g8/src/main/g8/build.sbt):11:0
